Arguments: 
  /usr/bin/node /usr/share/yarn/bin/yarn.js add bootstrap jquery popper.js

PATH: 
  /home/rails/.rvm/gems/ruby-3.0.0@hotel/bin:/home/rails/.rvm/gems/ruby-3.0.0@global/bin:/home/rails/.rvm/rubies/ruby-3.0.0/bin:/usr/local/sbin:/usr/local/bin:/usr/sbin:/usr/bin:/sbin:/bin:/usr/games:/usr/local/games:/snap/bin:/home/rails/.rvm/bin:/home/rails/.rvm/bin

Yarn version: 
  1.22.19

Node version: 
  10.19.0

Platform: 
  linux x64

Trace: 
  SyntaxError: /home/rails/Desktop/Hotel_Management/package.json: Unexpected token / in JSON at position 0
      at JSON.parse (<anonymous>)
      at /usr/share/yarn/lib/cli.js:1629:59
      at Generator.next (<anonymous>)
      at step (/usr/share/yarn/lib/cli.js:310:30)
      at /usr/share/yarn/lib/cli.js:321:13

npm manifest: 
  // // {
  // //   "dependencies": {
  // //     "bootstrap": "^5.2.2",
  // //     "jquery": "^3.6.1",
  // //     "popper.js": "^1.16.1"
  // //   }
  // // }
  
  
  // {  
  // "name": "hotel_management",  
  // "private": "true",  
  // "dependencies": {  
  //     "@hotwired/stimulus": "^3.0.1",  
  //     "@hotwired/turbo-rails": "^7.1.0",  
  //     "@popperjs/core": "^2.11.0",  
  //     "bootstrap": "^5.1.3",  
  //     "esbuild": "^0.14.5",  
  //     "sass": "^1.45.0"  
  //   }  
  // }

yarn manifest: 
  No manifest

Lockfile: 
  # THIS IS AN AUTOGENERATED FILE. DO NOT EDIT THIS FILE DIRECTLY.
  # yarn lockfile v1
  
  
  bootstrap@^5.2.2:
    version "5.2.2"
    resolved "https://registry.yarnpkg.com/bootstrap/-/bootstrap-5.2.2.tgz#834e053eed584a65e244d8aa112a6959f56e27a0"
    integrity sha512-dEtzMTV71n6Fhmbg4fYJzQsw1N29hJKO1js5ackCgIpDcGid2ETMGC6zwSYw09v05Y+oRdQ9loC54zB1La3hHQ==
  
  jquery@^3.6.1:
    version "3.6.1"
    resolved "https://registry.yarnpkg.com/jquery/-/jquery-3.6.1.tgz#fab0408f8b45fc19f956205773b62b292c147a16"
    integrity sha512-opJeO4nCucVnsjiXOE+/PcCgYw9Gwpvs/a6B1LL/lQhwWwpbVEVYDZ1FokFr8PRc7ghYlrFPuyHuiiDNTQxmcw==
  
  popper.js@^1.16.1:
    version "1.16.1"
    resolved "https://registry.yarnpkg.com/popper.js/-/popper.js-1.16.1.tgz#2a223cb3dc7b6213d740e40372be40de43e65b1b"
    integrity sha512-Wb4p1J4zyFTbM+u6WuO4XstYx4Ky9Cewe4DWrel7B0w6VVICvPwdOpotjzcf6eD8TsckVnIMNONQyPIUFOUbCQ==
